= Host-specific information ====================================================
$> hostname; uname -msr
e1z2r8p20.42.us.org
Darwin 17.7.0 x86_64
$> date
Wed Aug 21 13:00:21 PDT 2019
$> gcc --version
Configured with: --prefix=/Library/Developer/CommandLineTools/usr --with-gxx-include-dir=/usr/include/c++/4.2.1
Apple LLVM version 10.0.0 (clang-1000.10.44.4)
Target: x86_64-apple-darwin17.7.0
Thread model: posix
InstalledDir: /Library/Developer/CommandLineTools/usr/bin
$> clang --version
Apple LLVM version 10.0.0 (clang-1000.10.44.4)
Target: x86_64-apple-darwin17.7.0
Thread model: posix
InstalledDir: /Library/Developer/CommandLineTools/usr/bin

= User files collection ========================================================
Collecting user files from Vogsphere
Repository URL: auto-exam/2019/c-exam-alone-in-the-dark-intermediate/practice-exam_20190821/kdenisov

= Git history ==================================================================
$> git -C /var/folders/tc/w9my7bl17nxg3bk4hb8lnzf40000gp/T/tmpq8bIdx/user log --pretty='%H - %an, %ad : %s'
e94b017989d2d597b8edbd0f9bf480f37db3a5c3 - Kseniia Denisova, Wed Aug 21 13:00:03 2019 -0700 : count island
2f343957c9796c21c98fd8feb2f754084934eb6c - Kseniia Denisova, Wed Aug 21 12:52:26 2019 -0700 : clone list
ed2e3e8874d5de5628198316f56b57b84299ab43 - Kseniia Denisova, Wed Aug 21 12:51:00 2019 -0700 : gold gain
988f8e44515247c76b8d3149ef655025affde50a - Kseniia Denisova, Wed Aug 21 12:48:20 2019 -0700 : ord
fd0dcd4114678a240109355a288bb83044f2230b - Kseniia Denisova, Wed Aug 21 12:45:15 2019 -0700 : stack
9ef3c4a161b1ce455700cfad42ebb6ea1bec5415 - Kseniia Denisova, Wed Aug 21 12:18:08 2019 -0700 : is anagram
 
= Collected files ==========================================
$> ls -lAR /var/folders/tc/w9my7bl17nxg3bk4hb8lnzf40000gp/T/tmpq8bIdx/user
total 8
-rw-r--r--  1 deepthought  deepthought  1629 Aug 21 13:00 __GIT_HISTORY
drwxr-xr-x  3 deepthought  deepthought   102 Aug 21 13:00 clone_list
drwxr-xr-x  3 deepthought  deepthought   102 Aug 21 13:00 count_island
drwxr-xr-x  3 deepthought  deepthought   102 Aug 21 13:00 gold_gain
drwxr-xr-x  3 deepthought  deepthought   102 Aug 21 13:00 is_anagram
drwxr-xr-x  3 deepthought  deepthought   102 Aug 21 13:00 ord_alphlong
drwxr-xr-x  3 deepthought  deepthought   102 Aug 21 13:00 stack

/var/folders/tc/w9my7bl17nxg3bk4hb8lnzf40000gp/T/tmpq8bIdx/user/clone_list:
total 8
-rw-r--r--  1 deepthought  deepthought  1760 Aug 21 13:00 clone_list.c

/var/folders/tc/w9my7bl17nxg3bk4hb8lnzf40000gp/T/tmpq8bIdx/user/count_island:
total 8
-rw-r--r--  1 deepthought  deepthought  3288 Aug 21 13:00 count_island.c

/var/folders/tc/w9my7bl17nxg3bk4hb8lnzf40000gp/T/tmpq8bIdx/user/gold_gain:
total 8
-rw-r--r--  1 deepthought  deepthought  1590 Aug 21 13:00 gold_gain.c

/var/folders/tc/w9my7bl17nxg3bk4hb8lnzf40000gp/T/tmpq8bIdx/user/is_anagram:
total 8
-rw-r--r--  1 deepthought  deepthought  1160 Aug 21 13:00 is_anagram.c

/var/folders/tc/w9my7bl17nxg3bk4hb8lnzf40000gp/T/tmpq8bIdx/user/ord_alphlong:
total 8
-rw-r--r--  1 deepthought  deepthought  3708 Aug 21 13:00 ord_alphlong.c

/var/folders/tc/w9my7bl17nxg3bk4hb8lnzf40000gp/T/tmpq8bIdx/user/stack:
total 8
-rw-r--r--  1 deepthought  deepthought  1845 Aug 21 13:00 stack.c
 
= count_island =================================================================
$> gcc -Wextra -Wall -Werror count_island.c -o user_exe 

= Test 1 ===================================================
$> ./uemoiesb0i6rysj4s8j7eb1k test1.prm
$> diff -U 3 user_output_test1 test1.output | cat -e

Diff OK :D
= Test 2 ===================================================
$> ./8gen6nwqjf5a4yaddpeitgtp test2.prm
$> diff -U 3 user_output_test2 test2.output | cat -e

Diff OK :D
= Test 3 ===================================================
$> ./xtschxxnywh3fab9l6xldsun test3.prm
$> diff -U 3 user_output_test3 test3.output | cat -e

Diff OK :D
= Test 4 ===================================================
$> ./e9qy2roj8gpw5jdyb55hcioj test4.prm
$> diff -U 3 user_output_test4 test4.output | cat -e

Diff OK :D
= Test 5 ===================================================
$> ./8xul0wzfj7gpqs82tnglmwnf test5.prm
$> diff -U 3 user_output_test5 test5.output | cat -e

Diff OK :D
= Test 6 ===================================================
$> ./1ji3wezeoofut41jzitrb1xa test6.prm
$> diff -U 3 user_output_test6 test6.output | cat -e

Diff OK :D
= Test 7 ===================================================
$> ./ps3db49l6l6nufuavzygjh72 test7.prm
$> diff -U 3 user_output_test7 test7.output | cat -e

Diff OK :D
= Test 8 ===================================================
$> ./8rju8uiw7w8bynehdd920cl2 test8.prm
$> diff -U 3 user_output_test8 test8.output | cat -e

Diff OK :D
= Test 9 ===================================================
$> ./035xevvby5uo0ek7bjapwflw test9.prm
$> diff -U 3 user_output_test9 test9.output | cat -e
--- user_output_test9	2019-08-21 13:00:24.000000000 -0700$
+++ test9.output	2019-08-21 13:00:24.000000000 -0700$
@@ -1 +1,8 @@$
-$
+..........................................000..................................................................................................................................................................................................................................................................................................................................................................................................................................................................................................................................................................................................................................................................................................................................................................................................................................................................................................................................................................................................................$
+.........................................................................................................................................................................................................................................................................................................................................................................................................................................................................................................................................................................................................................111.................................................................................................................................................................................................................................................................................................................................................................................................................................22$
+.............................................................................................................................................................................................................................................................................................................................................................................................................................................................................................................................................................................................................................................................................................................................................................................................................................................................................................................................................................................................................................................................22$
+.............................................................................................................................................................................................................................................................................................................................................................................................................................................................................................................................................................................................................................................................................................................................................................................................................................................................................................................................................................................................................................................................22$
+...............................................................................................................................................................................................................................................................................................................................................................................................................................................................................................................................................................................................................................................................................................................................................................................................................................................................................................................................................................................................................................................................$
+...............................................................................................................................................................................................................................................................................................................................................................................................................................................................................................................................................................................................................................................................................................................................................................................................................................................................................................................................................................................................................................................................$
+.............................................................................................................................................................................................................................................................................................................3333..............................................................................................................................................................................................................................................................................................................................................................................................................................................................................................................................................................................................................................................................................................................................................$
+....................................................................................................................................................................4444.....................................................................................................................................3333..............................................................................................................................................................................................................................................................................................................................................................................................................................................................................................................................................................................................................................................................................................................................................$

Diff KO :(
Grade: 0

= Final grade: 0 ===============================================================
